{"/Users/jrizzo/CascadeProjects/windsurf-project/ui/packages/trading/components/Layout.tsx": {"path":"/Users/jrizzo/CascadeProjects/windsurf-project/ui/packages/trading/components/Layout.tsx","statementMap":{"0":{"start":{"line":10,"column":38},"end":{"line":20,"column":1}},"1":{"start":{"line":11,"column":2},"end":{"line":19,"column":4}}},"fnMap":{"0":{"name":"(anonymous_0)","decl":{"start":{"line":10,"column":38},"end":{"line":10,"column":39}},"loc":{"start":{"line":10,"column":56},"end":{"line":20,"column":1}},"line":10}},"branchMap":{},"s":{"0":1,"1":1},"f":{"0":1},"b":{},"_coverageSchema":"1a1c01bbd47fc00a2c39e90264f33305004495a9","hash":"7f1cc56171c6fe46430c5c2d8012283704709611"}
,"/Users/jrizzo/CascadeProjects/windsurf-project/ui/packages/trading/components/NavBar.tsx": {"path":"/Users/jrizzo/CascadeProjects/windsurf-project/ui/packages/trading/components/NavBar.tsx","statementMap":{"0":{"start":{"line":4,"column":15},"end":{"line":19,"column":1}},"1":{"start":{"line":5,"column":2},"end":{"line":18,"column":4}}},"fnMap":{"0":{"name":"(anonymous_0)","decl":{"start":{"line":4,"column":15},"end":{"line":4,"column":16}},"loc":{"start":{"line":4,"column":21},"end":{"line":19,"column":1}},"line":4}},"branchMap":{},"s":{"0":1,"1":7},"f":{"0":7},"b":{},"_coverageSchema":"1a1c01bbd47fc00a2c39e90264f33305004495a9","hash":"6ff074741da225ca9d24d1f3f27ad648eeb55ea0"}
,"/Users/jrizzo/CascadeProjects/windsurf-project/ui/packages/trading/pages/404.tsx": {"path":"/Users/jrizzo/CascadeProjects/windsurf-project/ui/packages/trading/pages/404.tsx","statementMap":{"0":{"start":{"line":4,"column":2},"end":{"line":31,"column":4}}},"fnMap":{"0":{"name":"Custom404","decl":{"start":{"line":3,"column":24},"end":{"line":3,"column":33}},"loc":{"start":{"line":3,"column":36},"end":{"line":32,"column":1}},"line":3}},"branchMap":{},"s":{"0":4},"f":{"0":4},"b":{},"_coverageSchema":"1a1c01bbd47fc00a2c39e90264f33305004495a9","hash":"94148e612947a4fa7b52a696fc22a2b3c838cfc9"}
,"/Users/jrizzo/CascadeProjects/windsurf-project/ui/packages/trading/pages/_app.tsx": {"path":"/Users/jrizzo/CascadeProjects/windsurf-project/ui/packages/trading/pages/_app.tsx","statementMap":{"0":{"start":{"line":2,"column":2},"end":{"line":2,"column":38}}},"fnMap":{"0":{"name":"MyApp","decl":{"start":{"line":1,"column":9},"end":{"line":1,"column":14}},"loc":{"start":{"line":1,"column":41},"end":{"line":3,"column":1}},"line":1}},"branchMap":{},"s":{"0":1},"f":{"0":1},"b":{},"_coverageSchema":"1a1c01bbd47fc00a2c39e90264f33305004495a9","hash":"bafa7a8f1dc6902172dfff61c8d44e73584c1484"}
,"/Users/jrizzo/CascadeProjects/windsurf-project/ui/packages/trading/pages/minimal.js": {"path":"/Users/jrizzo/CascadeProjects/windsurf-project/ui/packages/trading/pages/minimal.js","statementMap":{"0":{"start":{"line":3,"column":2},"end":{"line":8,"column":4}}},"fnMap":{"0":{"name":"MinimalPage","decl":{"start":{"line":2,"column":24},"end":{"line":2,"column":35}},"loc":{"start":{"line":2,"column":38},"end":{"line":9,"column":1}},"line":2}},"branchMap":{},"s":{"0":3},"f":{"0":3},"b":{},"_coverageSchema":"1a1c01bbd47fc00a2c39e90264f33305004495a9","hash":"9173feb18a11e15af7b934aee7b891e12824caac"}
,"/Users/jrizzo/CascadeProjects/windsurf-project/ui/packages/trading/pages/simple.tsx": {"path":"/Users/jrizzo/CascadeProjects/windsurf-project/ui/packages/trading/pages/simple.tsx","statementMap":{"0":{"start":{"line":5,"column":2},"end":{"line":10,"column":4}}},"fnMap":{"0":{"name":"SimplePage","decl":{"start":{"line":4,"column":9},"end":{"line":4,"column":19}},"loc":{"start":{"line":4,"column":22},"end":{"line":11,"column":1}},"line":4}},"branchMap":{},"s":{"0":3},"f":{"0":3},"b":{},"_coverageSchema":"1a1c01bbd47fc00a2c39e90264f33305004495a9","hash":"b13f2cbc9f6a8cfd149ce49ae348ae4c9d88337b"}
,"/Users/jrizzo/CascadeProjects/windsurf-project/ui/packages/trading/pages/standalone.js": {"path":"/Users/jrizzo/CascadeProjects/windsurf-project/ui/packages/trading/pages/standalone.js","statementMap":{"0":{"start":{"line":4,"column":2},"end":{"line":9,"column":4}}},"fnMap":{"0":{"name":"StandalonePage","decl":{"start":{"line":3,"column":9},"end":{"line":3,"column":23}},"loc":{"start":{"line":3,"column":26},"end":{"line":10,"column":1}},"line":3}},"branchMap":{},"s":{"0":3},"f":{"0":3},"b":{},"_coverageSchema":"1a1c01bbd47fc00a2c39e90264f33305004495a9","hash":"ed79b0166b74383e7368500228fe07e69b2fee95"}
}
