TN:
SF:components/Layout.tsx
FN:10,(anonymous_0)
FNF:1
FNH:1
FNDA:1,(anonymous_0)
DA:10,1
DA:11,1
LF:2
LH:2
BRF:0
BRH:0
end_of_record
TN:
SF:components/NavBar.tsx
FN:4,(anonymous_0)
FNF:1
FNH:1
FNDA:7,(anonymous_0)
DA:4,1
DA:5,7
LF:2
LH:2
BRF:0
BRH:0
end_of_record
TN:
SF:pages/404.tsx
FN:3,Custom404
FNF:1
FNH:1
FNDA:4,Custom404
DA:4,4
LF:1
LH:1
BRF:0
BRH:0
end_of_record
TN:
SF:pages/_app.tsx
FN:1,MyApp
FNF:1
FNH:1
FNDA:1,MyApp
DA:2,1
LF:1
LH:1
BRF:0
BRH:0
end_of_record
TN:
SF:pages/minimal.js
FN:2,MinimalPage
FNF:1
FNH:1
FNDA:3,MinimalPage
DA:3,3
LF:1
LH:1
BRF:0
BRH:0
end_of_record
TN:
SF:pages/simple.tsx
FN:4,SimplePage
FNF:1
FNH:1
FNDA:3,SimplePage
DA:5,3
LF:1
LH:1
BRF:0
BRH:0
end_of_record
TN:
SF:pages/standalone.js
FN:3,StandalonePage
FNF:1
FNH:1
FNDA:3,StandalonePage
DA:4,3
LF:1
LH:1
BRF:0
BRH:0
end_of_record
